<?xml version="1.0" encoding="UTF-8"?>
<testsuite xmlns:xsi="http://www.w3.org/2001/XMLSchema-instance" xsi:noNamespaceSchemaLocation="https://maven.apache.org/surefire/maven-surefire-plugin/xsd/surefire-test-report-3.0.xsd" version="3.0" name="pl.sggw.SocketServerTest" time="50.331" tests="5" errors="0" skipped="0" failures="0">
  <properties>
[...]
</properties>
  <testcase name="manageTest" classname="pl.sggw.SocketServerTest" time="3.405">
    <system-err><![CDATA[gru 21, 2021 1:31:38 PM com.codeborne.selenide.impl.WebDriverThreadLocalContainer getAndCheckWebDriver
INFO: No webdriver is bound to current thread: 1 - let's create a new webdriver
gru 21, 2021 1:31:38 PM com.codeborne.selenide.impl.FileHelper ensureFolderExists
INFO: Creating folder: B:\Users\User\Desktop\Podstawy Java\SocketServerSelenideTests\build\downloads\1640089898957_17096_1
gru 21, 2021 1:31:39 PM io.github.bonigarcia.wdm.WebDriverManager resolveDriverVersion
INFO: Using chromedriver 96.0.4664.45 (resolved driver for Chrome 96)
gru 21, 2021 1:31:39 PM io.github.bonigarcia.wdm.WebDriverManager exportDriver
INFO: Exporting webdriver.chrome.driver as C:\Users\User\.cache\selenium\chromedriver\win32\96.0.4664.45\chromedriver.exe
Starting ChromeDriver 96.0.4664.45 (76e4c1bb2ab4671b8beba3444e61c0f17584b2fc-refs/branch-heads/4664@{#947}) on port 64912
Only local connections are allowed.
Please see https://chromedriver.chromium.org/security-considerations for suggestions on keeping ChromeDriver safe.
ChromeDriver was started successfully.
gru 21, 2021 1:31:40 PM org.openqa.selenium.remote.ProtocolHandshake createSession
INFO: Detected dialect: W3C
gru 21, 2021 1:31:40 PM org.openqa.selenium.devtools.CdpVersionFinder findNearestMatch
INFO: Found exact CDP implementation for version 96
gru 21, 2021 1:31:40 PM com.codeborne.selenide.webdriver.HttpClientTimeouts setupTimeouts
INFO: Changed connectTimeout from PT10S to PT10S
gru 21, 2021 1:31:40 PM com.codeborne.selenide.webdriver.HttpClientTimeouts setupTimeouts
INFO: Changed readTimeout from PT3M to PT3M
gru 21, 2021 1:31:40 PM com.codeborne.selenide.webdriver.BrowserResizer adjustBrowserSize
INFO: Set browser size to 1366x768
gru 21, 2021 1:31:40 PM com.codeborne.selenide.webdriver.WebDriverFactory logBrowserVersion
INFO: BrowserName=chrome Version=96.0.4664.110 Platform=WINDOWS
gru 21, 2021 1:31:40 PM com.codeborne.selenide.webdriver.WebDriverFactory createWebDriver
INFO: Selenide v. 6.1.1
gru 21, 2021 1:31:40 PM com.codeborne.selenide.webdriver.WebDriverFactory logSeleniumInfo
INFO: Selenium WebDriver v. 4.1.0 build revision: 87802e897b
gru 21, 2021 1:31:40 PM com.codeborne.selenide.drivercommands.CreateDriverCommand createDriver
INFO: Created webdriver in thread 1: ChromeDriver -> ChromeDriver: chrome on WINDOWS (7e0c2e39bc41c3b646b15b0fb20e354e)
]]></system-err>
  </testcase>
  <testcase name="updateBookTest" classname="pl.sggw.SocketServerTest" time="23.842"/>
  <testcase name="addBooks2Test" classname="pl.sggw.SocketServerTest" time="4.976"/>
  <testcase name="addBookTest" classname="pl.sggw.SocketServerTest" time="15.735"/>
  <testcase name="booksEmptyTest" classname="pl.sggw.SocketServerTest" time="2.343"/>
</testsuite>